INFO :      Random state: None
INFO :      Using Gaussian distribution with 3 clients
INFO :      Gaussian Mean: 7.0, StdDev: 30
INFO :      Collab distributions:
[0.36938942 0.2727908  0.35781978]
INFO :      Collab distribution sum: 1
INFO :      Collab distributions before max val addition:[17 13 17]

INFO :      Collab distributions before minSamples:[17 13 18]

INFO :      Collab distributions after minSamples:[22 18 23]

INFO :      Processed 1:
INFO :      Train: (18 rows) assigned range (0, 18)
INFO :      Val:   (4 rows) assigned range (18, 22)
INFO :      Next global_start_index will be: 22
INFO :      Processed 2:
INFO :      Train: (14 rows) assigned range (22, 36)
INFO :      Val:   (4 rows) assigned range (36, 40)
INFO :      Next global_start_index will be: 40
INFO :      Processed 3:
INFO :      Train: (18 rows) assigned range (40, 58)
INFO :      Val:   (5 rows) assigned range (58, 63)
INFO :      Next global_start_index will be: 63
INFO :      PARTITION INDEXES:
{1: {'train': (0, 18), 'val': (18, 22)},
 2: {'train': (22, 36), 'val': (36, 40)},
 3: {'train': (40, 58), 'val': (58, 63)}}
INFO :      Starting Flower ServerApp, config: num_rounds=3, no round_timeout
INFO :
INFO :      [INIT]
INFO :      [FlaasStrategy]: Updating client IDs for client selection strategy
INFO :      CLIENTPARTITION ID UPDATE:
{'15031544876054998534': {'train': (0, 18), 'val': (18, 22)},
 '5925213669552940747': {'train': (22, 36), 'val': (36, 40)},
 '7666860380655759595': {'train': (40, 58), 'val': (58, 63)}}
✅ Found CUDA device(s).
ERROR :     An exception occurred !! the first argument must be callable
ERROR :     Traceback (most recent call last):
  File "/home/jobradovic/miniconda3/envs/flwr/lib/python3.11/site-packages/flwr/simulation/run_simulation.py", line 370, in _main_loop
    vce.start_vce(
  File "/home/jobradovic/miniconda3/envs/flwr/lib/python3.11/site-packages/flwr/server/superlink/fleet/vce/vce_api.py", line 390, in start_vce
    raise ex
  File "/home/jobradovic/miniconda3/envs/flwr/lib/python3.11/site-packages/flwr/server/superlink/fleet/vce/vce_api.py", line 359, in start_vce
    client_app = app_fn()
                 ^^^^^^^^
  File "/home/jobradovic/miniconda3/envs/flwr/lib/python3.11/site-packages/flwr/server/superlink/fleet/vce/vce_api.py", line 346, in _load
    return get_load_client_app_fn(
           ^^^^^^^^^^^^^^^^^^^^^^^
  File "/home/jobradovic/miniconda3/envs/flwr/lib/python3.11/site-packages/flwr/client/clientapp/utils.py", line 106, in _load
    client_app = load_app(client_app_ref, LoadClientAppError, runtime_app_dir)
                 ^^^^^^^^^^^^^^^^^^^^^^^^^^^^^^^^^^^^^^^^^^^^^^^^^^^^^^^^^^^^^
  File "/home/jobradovic/miniconda3/envs/flwr/lib/python3.11/site-packages/flwr/common/object_ref.py", line 170, in load_app
    module = importlib.import_module(module_str)
             ^^^^^^^^^^^^^^^^^^^^^^^^^^^^^^^^^^^
  File "/home/jobradovic/miniconda3/envs/flwr/lib/python3.11/importlib/__init__.py", line 126, in import_module
    return _bootstrap._gcd_import(name[level:], package, level)
           ^^^^^^^^^^^^^^^^^^^^^^^^^^^^^^^^^^^^^^^^^^^^^^^^^^^^
  File "<frozen importlib._bootstrap>", line 1204, in _gcd_import
  File "<frozen importlib._bootstrap>", line 1176, in _find_and_load
  File "<frozen importlib._bootstrap>", line 1147, in _find_and_load_unlocked
  File "<frozen importlib._bootstrap>", line 690, in _load_unlocked
  File "<frozen importlib._bootstrap_external>", line 940, in exec_module
  File "<frozen importlib._bootstrap>", line 241, in _call_with_frames_removed
  File "/home/jobradovic/repo/glab/ehea-MVD/MVD/MVD/src/clientApp.py", line 45, in <module>
    import MVD.src.segmentationTasks as segmentationTasks
  File "/home/jobradovic/repo/glab/ehea-MVD/MVD/MVD/src/segmentationTasks.py", line 59, in <module>
    partial(MeanDice(reduction='mean')),
    ^^^^^^^^^^^^^^^^^^^^^^^^^^^^^^^^^^^
TypeError: the first argument must be callable


--- Device 0 ---
  Name: NVIDIA GeForce RTX 4070 Ti SUPER
  Compute Capability: 8.9
  Total Memory: 15.57 GB
INFO :      [Server|FlaasStrategy]: model UNet loaded from MVD.src.models
INFO :      [FlaasStrategy]: Initial global parameters loaded from UNet with 77 parameters.
INFO :      Using initial global parameters provided by strategy
INFO :      Starting evaluation of initial global parameters
INFO :      [FlaasStrategy]: Evaluate() called for round 0
INFO :      Evaluation returned no results (`None`)
INFO :
INFO :      [ROUND 1]
[FlaasStrategy]: Configure_fit() called for round 1
ERROR :     ServerApp thread raised an exception: Not all values are of valid type. Expected `typing.Union[int, float, str, bytes, bool, list[int], list[float], list[str], list[bytes], list[bool]]` but `<class 'dict'>` was passed.
ERROR :     Traceback (most recent call last):
  File "/home/jobradovic/miniconda3/envs/flwr/lib/python3.11/site-packages/flwr/simulation/run_simulation.py", line 268, in server_th_with_start_checks
    updated_context = _run(
                      ^^^^^
  File "/home/jobradovic/miniconda3/envs/flwr/lib/python3.11/site-packages/flwr/server/run_serverapp.py", line 62, in run
    server_app(grid=grid, context=context)
  File "/home/jobradovic/miniconda3/envs/flwr/lib/python3.11/site-packages/flwr/server/server_app.py", line 166, in __call__
    start_grid(
  File "/home/jobradovic/miniconda3/envs/flwr/lib/python3.11/site-packages/flwr/server/compat/app.py", line 90, in start_grid
    hist = run_fl(
           ^^^^^^^
  File "/home/jobradovic/miniconda3/envs/flwr/lib/python3.11/site-packages/flwr/server/server.py", line 492, in run_fl
    hist, elapsed_time = server.fit(
                         ^^^^^^^^^^^
  File "/home/jobradovic/miniconda3/envs/flwr/lib/python3.11/site-packages/flwr/server/server.py", line 115, in fit
    res_fit = self.fit_round(
              ^^^^^^^^^^^^^^^
  File "/home/jobradovic/miniconda3/envs/flwr/lib/python3.11/site-packages/flwr/server/server.py", line 217, in fit_round
    client_instructions = self.strategy.configure_fit(
                          ^^^^^^^^^^^^^^^^^^^^^^^^^^^^
  File "/home/jobradovic/repo/glab/ehea-MVD/MVD/MVD/saflaas/flaasStrategy.py", line 178, in configure_fit
    trainCfg['train_cfg']        = ConfigRecord(FlaasConfigs.get_training_cfg(asDict=True))
                                   ^^^^^^^^^^^^^^^^^^^^^^^^^^^^^^^^^^^^^^^^^^^^^^^^^^^^^^^^
  File "/home/jobradovic/miniconda3/envs/flwr/lib/python3.11/site-packages/flwr/common/record/configrecord.py", line 130, in __init__
    self[k] = config_dict[k]
    ~~~~^^^
  File "/home/jobradovic/miniconda3/envs/flwr/lib/python3.11/site-packages/flwr/common/record/typeddict.py", line 39, in __setitem__
    cast(Callable[[V], None], self.__dict__["_check_value_fn"])(value)
  File "/home/jobradovic/miniconda3/envs/flwr/lib/python3.11/site-packages/flwr/common/record/configrecord.py", line 68, in _check_value
    is_valid(value)
  File "/home/jobradovic/miniconda3/envs/flwr/lib/python3.11/site-packages/flwr/common/record/configrecord.py", line 46, in is_valid
    raise TypeError(
TypeError: Not all values are of valid type. Expected `typing.Union[int, float, str, bytes, bool, list[int], list[float], list[str], list[bytes], list[bool]]` but `<class 'dict'>` was passed.

Exception in thread Thread-1 (server_th_with_start_checks):
Traceback (most recent call last):
  File "/home/jobradovic/miniconda3/envs/flwr/lib/python3.11/threading.py", line 1045, in _bootstrap_inner
    self.run()
  File "/home/jobradovic/miniconda3/envs/flwr/lib/python3.11/threading.py", line 982, in run
    self._target(*self._args, **self._kwargs)
  File "/home/jobradovic/miniconda3/envs/flwr/lib/python3.11/site-packages/flwr/simulation/run_simulation.py", line 268, in server_th_with_start_checks
    updated_context = _run(
                      ^^^^^
  File "/home/jobradovic/miniconda3/envs/flwr/lib/python3.11/site-packages/flwr/server/run_serverapp.py", line 62, in run
    server_app(grid=grid, context=context)
  File "/home/jobradovic/miniconda3/envs/flwr/lib/python3.11/site-packages/flwr/server/server_app.py", line 166, in __call__
    start_grid(
  File "/home/jobradovic/miniconda3/envs/flwr/lib/python3.11/site-packages/flwr/server/compat/app.py", line 90, in start_grid
    hist = run_fl(
           ^^^^^^^
  File "/home/jobradovic/miniconda3/envs/flwr/lib/python3.11/site-packages/flwr/server/server.py", line 492, in run_fl
    hist, elapsed_time = server.fit(
                         ^^^^^^^^^^^
  File "/home/jobradovic/miniconda3/envs/flwr/lib/python3.11/site-packages/flwr/server/server.py", line 115, in fit
    res_fit = self.fit_round(
              ^^^^^^^^^^^^^^^
  File "/home/jobradovic/miniconda3/envs/flwr/lib/python3.11/site-packages/flwr/server/server.py", line 217, in fit_round
    client_instructions = self.strategy.configure_fit(
                          ^^^^^^^^^^^^^^^^^^^^^^^^^^^^
  File "/home/jobradovic/repo/glab/ehea-MVD/MVD/MVD/saflaas/flaasStrategy.py", line 178, in configure_fit
    trainCfg['train_cfg']        = ConfigRecord(FlaasConfigs.get_training_cfg(asDict=True))
                                   ^^^^^^^^^^^^^^^^^^^^^^^^^^^^^^^^^^^^^^^^^^^^^^^^^^^^^^^^
  File "/home/jobradovic/miniconda3/envs/flwr/lib/python3.11/site-packages/flwr/common/record/configrecord.py", line 130, in __init__
    self[k] = config_dict[k]
    ~~~~^^^
  File "/home/jobradovic/miniconda3/envs/flwr/lib/python3.11/site-packages/flwr/common/record/typeddict.py", line 39, in __setitem__
    cast(Callable[[V], None], self.__dict__["_check_value_fn"])(value)
  File "/home/jobradovic/miniconda3/envs/flwr/lib/python3.11/site-packages/flwr/common/record/configrecord.py", line 68, in _check_value
    is_valid(value)
  File "/home/jobradovic/miniconda3/envs/flwr/lib/python3.11/site-packages/flwr/common/record/configrecord.py", line 46, in is_valid
    raise TypeError(
TypeError: Not all values are of valid type. Expected `typing.Union[int, float, str, bytes, bool, list[int], list[float], list[str], list[bytes], list[bool]]` but `<class 'dict'>` was passed.
Traceback (most recent call last):
  File "/home/jobradovic/miniconda3/envs/flwr/lib/python3.11/site-packages/flwr/simulation/run_simulation.py", line 370, in _main_loop
    vce.start_vce(
  File "/home/jobradovic/miniconda3/envs/flwr/lib/python3.11/site-packages/flwr/server/superlink/fleet/vce/vce_api.py", line 390, in start_vce
    raise ex
  File "/home/jobradovic/miniconda3/envs/flwr/lib/python3.11/site-packages/flwr/server/superlink/fleet/vce/vce_api.py", line 359, in start_vce
    client_app = app_fn()
                 ^^^^^^^^
  File "/home/jobradovic/miniconda3/envs/flwr/lib/python3.11/site-packages/flwr/server/superlink/fleet/vce/vce_api.py", line 346, in _load
    return get_load_client_app_fn(
           ^^^^^^^^^^^^^^^^^^^^^^^
  File "/home/jobradovic/miniconda3/envs/flwr/lib/python3.11/site-packages/flwr/client/clientapp/utils.py", line 106, in _load
    client_app = load_app(client_app_ref, LoadClientAppError, runtime_app_dir)
                 ^^^^^^^^^^^^^^^^^^^^^^^^^^^^^^^^^^^^^^^^^^^^^^^^^^^^^^^^^^^^^
  File "/home/jobradovic/miniconda3/envs/flwr/lib/python3.11/site-packages/flwr/common/object_ref.py", line 170, in load_app
    module = importlib.import_module(module_str)
             ^^^^^^^^^^^^^^^^^^^^^^^^^^^^^^^^^^^
  File "/home/jobradovic/miniconda3/envs/flwr/lib/python3.11/importlib/__init__.py", line 126, in import_module
    return _bootstrap._gcd_import(name[level:], package, level)
           ^^^^^^^^^^^^^^^^^^^^^^^^^^^^^^^^^^^^^^^^^^^^^^^^^^^^
  File "<frozen importlib._bootstrap>", line 1204, in _gcd_import
  File "<frozen importlib._bootstrap>", line 1176, in _find_and_load
  File "<frozen importlib._bootstrap>", line 1147, in _find_and_load_unlocked
  File "<frozen importlib._bootstrap>", line 690, in _load_unlocked
  File "<frozen importlib._bootstrap_external>", line 940, in exec_module
  File "<frozen importlib._bootstrap>", line 241, in _call_with_frames_removed
  File "/home/jobradovic/repo/glab/ehea-MVD/MVD/MVD/src/clientApp.py", line 45, in <module>
    import MVD.src.segmentationTasks as segmentationTasks
  File "/home/jobradovic/repo/glab/ehea-MVD/MVD/MVD/src/segmentationTasks.py", line 59, in <module>
    partial(MeanDice(reduction='mean')),
    ^^^^^^^^^^^^^^^^^^^^^^^^^^^^^^^^^^^
TypeError: the first argument must be callable

The above exception was the direct cause of the following exception:

Traceback (most recent call last):
  File "/home/jobradovic/miniconda3/envs/flwr/lib/python3.11/site-packages/flwr/simulation/run_simulation.py", line 393, in _main_loop
    raise RuntimeError("An error was encountered. Ending simulation.") from ex
RuntimeError: An error was encountered. Ending simulation.

During handling of the above exception, another exception occurred:

Traceback (most recent call last):
  File "/home/jobradovic/miniconda3/envs/flwr/bin/flower-simulation", line 8, in <module>
    sys.exit(run_simulation_from_cli())
             ^^^^^^^^^^^^^^^^^^^^^^^^^
  File "/home/jobradovic/miniconda3/envs/flwr/lib/python3.11/site-packages/flwr/simulation/run_simulation.py", line 131, in run_simulation_from_cli
    _ = _run_simulation(
        ^^^^^^^^^^^^^^^^
  File "/home/jobradovic/miniconda3/envs/flwr/lib/python3.11/site-packages/flwr/simulation/run_simulation.py", line 510, in _run_simulation
    updated_context = _main_loop(*args)
                      ^^^^^^^^^^^^^^^^^
  File "/home/jobradovic/miniconda3/envs/flwr/lib/python3.11/site-packages/flwr/simulation/run_simulation.py", line 408, in _main_loop
    raise RuntimeError("Exception in ServerApp thread")
RuntimeError: Exception in ServerApp thread
^C
Aborted.